<?xml version="1.0" encoding="UTF-8"?>
<!-- Generated by org.testng.reporters.JUnitXMLReporter -->
<testsuite ignored="1" hostname="TYSS-Chaithra" failures="0" tests="1" name="Test" time="7.366" errors="0" timestamp="2026-03-18T20:12:31 IST">
  <testcase classname="swagLabs.InventoryTets.RemoveProductTest" name="demoproductTest" time="0.014"/>
  <testcase classname="swagLabs.InventoryTets.RemoveProductTest" name="removeproductTest" time="0.0">
    <ignored/>
  </testcase> <!-- removeproductTest -->
</testsuite> <!-- Test -->
