<?xml version="1.0" encoding="UTF-8"?>
<testng-results ignored="0" total="1" passed="1" failed="0" skipped="0">
  <reporter-output>
  </reporter-output>
  <suite started-at="2026-04-02T20:23:33 IST" name="Default suite" finished-at="2026-04-02T20:23:33 IST" duration-ms="55">
    <groups>
    </groups>
    <test started-at="2026-04-02T20:23:33 IST" name="Default test" finished-at="2026-04-02T20:23:33 IST" duration-ms="55">
      <class name="practice.ReadDatafromCmdLine">
        <test-method signature="readData()[pri:0, instance:practice.ReadDatafromCmdLine@1a18644]" started-at="2026-04-02T20:23:33 IST" name="readData" finished-at="2026-04-02T20:23:33 IST" duration-ms="10" status="PASS">
          <reporter-output>
          </reporter-output>
        </test-method> <!-- readData -->
      </class> <!-- practice.ReadDatafromCmdLine -->
    </test> <!-- Default test -->
  </suite> <!-- Default suite -->
</testng-results>
