<?xml version="1.0" encoding="UTF-8"?>
<!-- Generated by org.testng.reporters.JUnitReportReporter -->
<testsuite hostname="TYSS-Chaithra" failures="0" tests="1" name="swagLabs.InventoryTets.AddProductToCartTestWithBC" time="2.823" errors="0" timestamp="2026-03-18T21:00:26 IST" skipped="0">
  <testcase classname="swagLabs.InventoryTets.AddProductToCartTestWithBC" name="tc_01_AddProductToCartTest" time="2.823"/>
  <system-out/>
</testsuite> <!-- swagLabs.InventoryTets.AddProductToCartTestWithBC -->
