<?xml version="1.0" encoding="UTF-8"?>
<!-- Generated by org.testng.reporters.JUnitReportReporter -->
<testsuite hostname="TYSS-Chaithra" failures="0" tests="2" name="practice.DataProviderPractice" time="0.006" errors="0" timestamp="2026-03-13T19:51:06 IST" skipped="0">
  <testcase classname="practice.DataProviderPractice" name="addProductToCartTest" time="0.005"/>
  <system-out/>
  <testcase classname="practice.DataProviderPractice" name="addProductToCartTest" time="0.001"/>
  <system-out/>
</testsuite> <!-- practice.DataProviderPractice -->
